[2022-10-28T14:27:09.537+0000] {taskinstance.py:1165} INFO - Dependencies all met for <TaskInstance: ml_pipeline.storing_processed_data manual__2022-10-28T14:26:00.172968+00:00 [queued]>
[2022-10-28T14:27:09.651+0000] {taskinstance.py:1165} INFO - Dependencies all met for <TaskInstance: ml_pipeline.storing_processed_data manual__2022-10-28T14:26:00.172968+00:00 [queued]>
[2022-10-28T14:27:09.651+0000] {taskinstance.py:1362} INFO - 
--------------------------------------------------------------------------------
[2022-10-28T14:27:09.651+0000] {taskinstance.py:1363} INFO - Starting attempt 1 of 1
[2022-10-28T14:27:09.651+0000] {taskinstance.py:1364} INFO - 
--------------------------------------------------------------------------------
[2022-10-28T14:27:09.785+0000] {taskinstance.py:1383} INFO - Executing <Task(PythonOperator): storing_processed_data> on 2022-10-28 14:26:00.172968+00:00
[2022-10-28T14:27:09.790+0000] {standard_task_runner.py:54} INFO - Started process 246 to run task
[2022-10-28T14:27:09.848+0000] {standard_task_runner.py:82} INFO - Running: ['***', 'tasks', 'run', 'ml_pipeline', 'storing_processed_data', 'manual__2022-10-28T14:26:00.172968+00:00', '--job-id', '115', '--raw', '--subdir', 'DAGS_FOLDER/ml_pipeline.py', '--cfg-path', '/tmp/tmp7_v49m8l']
[2022-10-28T14:27:09.869+0000] {standard_task_runner.py:83} INFO - Job 115: Subtask storing_processed_data
[2022-10-28T14:27:09.886+0000] {dagbag.py:525} INFO - Filling up the DagBag from /opt/***/dags/ml_pipeline.py
[2022-10-28T14:27:24.832+0000] {task_command.py:384} INFO - Running <TaskInstance: ml_pipeline.storing_processed_data manual__2022-10-28T14:26:00.172968+00:00 [running]> on host 199af5647eed
[2022-10-28T14:27:25.635+0000] {taskinstance.py:1592} INFO - Exporting the following env vars:
AIRFLOW_CTX_DAG_OWNER=Luka Perkovic
AIRFLOW_CTX_DAG_ID=ml_pipeline
AIRFLOW_CTX_TASK_ID=storing_processed_data
AIRFLOW_CTX_EXECUTION_DATE=2022-10-28T14:26:00.172968+00:00
AIRFLOW_CTX_TRY_NUMBER=1
AIRFLOW_CTX_DAG_RUN_ID=manual__2022-10-28T14:26:00.172968+00:00
[2022-10-28T14:30:30.768+0000] {python.py:177} INFO - Done. Returned value was: None
[2022-10-28T14:30:30.782+0000] {taskinstance.py:1406} INFO - Marking task as SUCCESS. dag_id=ml_pipeline, task_id=storing_processed_data, execution_date=20221028T142600, start_date=20221028T142709, end_date=20221028T143030
[2022-10-28T14:30:30.896+0000] {local_task_job.py:164} INFO - Task exited with return code 0
[2022-10-28T14:30:31.009+0000] {local_task_job.py:273} INFO - 1 downstream tasks scheduled from follow-on schedule check
