[2022-10-28T14:26:08.996+0000] {taskinstance.py:1165} INFO - Dependencies all met for <TaskInstance: ml_pipeline.processing_data manual__2022-10-28T14:26:00.172968+00:00 [queued]>
[2022-10-28T14:26:09.304+0000] {taskinstance.py:1165} INFO - Dependencies all met for <TaskInstance: ml_pipeline.processing_data manual__2022-10-28T14:26:00.172968+00:00 [queued]>
[2022-10-28T14:26:09.304+0000] {taskinstance.py:1362} INFO - 
--------------------------------------------------------------------------------
[2022-10-28T14:26:09.304+0000] {taskinstance.py:1363} INFO - Starting attempt 1 of 1
[2022-10-28T14:26:09.304+0000] {taskinstance.py:1364} INFO - 
--------------------------------------------------------------------------------
[2022-10-28T14:26:09.642+0000] {taskinstance.py:1383} INFO - Executing <Task(PythonOperator): processing_data> on 2022-10-28 14:26:00.172968+00:00
[2022-10-28T14:26:09.647+0000] {standard_task_runner.py:54} INFO - Started process 235 to run task
[2022-10-28T14:26:09.876+0000] {standard_task_runner.py:82} INFO - Running: ['***', 'tasks', 'run', 'ml_pipeline', 'processing_data', 'manual__2022-10-28T14:26:00.172968+00:00', '--job-id', '113', '--raw', '--subdir', 'DAGS_FOLDER/ml_pipeline.py', '--cfg-path', '/tmp/tmpcgws8bpl']
[2022-10-28T14:26:09.878+0000] {standard_task_runner.py:83} INFO - Job 113: Subtask processing_data
[2022-10-28T14:26:09.879+0000] {dagbag.py:525} INFO - Filling up the DagBag from /opt/***/dags/ml_pipeline.py
[2022-10-28T14:26:26.538+0000] {task_command.py:384} INFO - Running <TaskInstance: ml_pipeline.processing_data manual__2022-10-28T14:26:00.172968+00:00 [running]> on host 199af5647eed
[2022-10-28T14:26:26.956+0000] {taskinstance.py:1592} INFO - Exporting the following env vars:
AIRFLOW_CTX_DAG_OWNER=Luka Perkovic
AIRFLOW_CTX_DAG_ID=ml_pipeline
AIRFLOW_CTX_TASK_ID=processing_data
AIRFLOW_CTX_EXECUTION_DATE=2022-10-28T14:26:00.172968+00:00
AIRFLOW_CTX_TRY_NUMBER=1
AIRFLOW_CTX_DAG_RUN_ID=manual__2022-10-28T14:26:00.172968+00:00
[2022-10-28T14:26:54.101+0000] {python.py:177} INFO - Done. Returned value was: True
[2022-10-28T14:26:54.160+0000] {taskinstance.py:1406} INFO - Marking task as SUCCESS. dag_id=ml_pipeline, task_id=processing_data, execution_date=20221028T142600, start_date=20221028T142609, end_date=20221028T142654
[2022-10-28T14:26:54.274+0000] {local_task_job.py:164} INFO - Task exited with return code 0
[2022-10-28T14:26:54.360+0000] {local_task_job.py:273} INFO - 1 downstream tasks scheduled from follow-on schedule check
