[2022-10-26T15:37:22.119+0000] {manager.py:483} INFO - Processing files using up to 2 processes at a time 
[2022-10-26T15:37:22.279+0000] {manager.py:484} INFO - Process each file at most once every 30 seconds
[2022-10-26T15:37:22.279+0000] {manager.py:486} INFO - Checking for new files in /opt/airflow/dags every 300 seconds
[2022-10-26T15:37:22.279+0000] {manager.py:724} INFO - Searching for files in /opt/airflow/dags
[2022-10-26T15:37:22.282+0000] {manager.py:727} INFO - There are 1 files in /opt/airflow/dags
[2022-10-26T15:37:22.958+0000] {manager.py:846} INFO - 
================================================================================
DAG File Processing Stats

File Path                           PID  Runtime      # DAGs    # Errors  Last Runtime    Last Run
--------------------------------  -----  ---------  --------  ----------  --------------  ----------
/opt/airflow/dags/ml_pipeline.py    162  0.24s             0           0
================================================================================
[2022-10-26T15:37:53.541+0000] {manager.py:846} INFO - 
================================================================================
DAG File Processing Stats

File Path                         PID    Runtime      # DAGs    # Errors  Last Runtime    Last Run
--------------------------------  -----  ---------  --------  ----------  --------------  -------------------
/opt/airflow/dags/ml_pipeline.py                           0           1  1.59s           2022-10-26T15:37:24
================================================================================
[2022-10-26T15:38:23.700+0000] {manager.py:846} INFO - 
================================================================================
DAG File Processing Stats

File Path                         PID    Runtime      # DAGs    # Errors  Last Runtime    Last Run
--------------------------------  -----  ---------  --------  ----------  --------------  -------------------
/opt/airflow/dags/ml_pipeline.py                           0           1  1.90s           2022-10-26T15:37:56
================================================================================
[2022-10-26T15:38:54.218+0000] {manager.py:846} INFO - 
================================================================================
DAG File Processing Stats

File Path                         PID    Runtime      # DAGs    # Errors  Last Runtime    Last Run
--------------------------------  -----  ---------  --------  ----------  --------------  -------------------
/opt/airflow/dags/ml_pipeline.py                           0           1  1.26s           2022-10-26T15:38:28
================================================================================
[2022-10-26T15:39:24.466+0000] {manager.py:846} INFO - 
================================================================================
DAG File Processing Stats

File Path                         PID    Runtime      # DAGs    # Errors  Last Runtime    Last Run
--------------------------------  -----  ---------  --------  ----------  --------------  -------------------
/opt/airflow/dags/ml_pipeline.py                           0           1  1.13s           2022-10-26T15:38:59
================================================================================
[2022-10-26T15:39:54.800+0000] {manager.py:846} INFO - 
================================================================================
DAG File Processing Stats

File Path                         PID    Runtime      # DAGs    # Errors  Last Runtime    Last Run
--------------------------------  -----  ---------  --------  ----------  --------------  -------------------
/opt/airflow/dags/ml_pipeline.py                           0           1  0.18s           2022-10-26T15:39:29
================================================================================
[2022-10-26T15:40:25.208+0000] {manager.py:846} INFO - 
================================================================================
DAG File Processing Stats

File Path                         PID    Runtime      # DAGs    # Errors  Last Runtime    Last Run
--------------------------------  -----  ---------  --------  ----------  --------------  -------------------
/opt/airflow/dags/ml_pipeline.py                           0           1  0.26s           2022-10-26T15:40:00
================================================================================
[2022-10-26T15:40:55.769+0000] {manager.py:846} INFO - 
================================================================================
DAG File Processing Stats

File Path                         PID    Runtime      # DAGs    # Errors  Last Runtime    Last Run
--------------------------------  -----  ---------  --------  ----------  --------------  -------------------
/opt/airflow/dags/ml_pipeline.py                           0           1  8.55s           2022-10-26T15:40:38
================================================================================
[2022-10-26T15:41:26.324+0000] {manager.py:846} INFO - 
================================================================================
DAG File Processing Stats

File Path                         PID    Runtime      # DAGs    # Errors  Last Runtime    Last Run
--------------------------------  -----  ---------  --------  ----------  --------------  -------------------
/opt/airflow/dags/ml_pipeline.py                           0           1  1.48s           2022-10-26T15:41:10
================================================================================
[2022-10-26T15:41:56.437+0000] {manager.py:846} INFO - 
================================================================================
DAG File Processing Stats

File Path                         PID    Runtime      # DAGs    # Errors  Last Runtime    Last Run
--------------------------------  -----  ---------  --------  ----------  --------------  -------------------
/opt/airflow/dags/ml_pipeline.py                           0           1  0.90s           2022-10-26T15:41:41
================================================================================
[2022-10-26T15:42:22.918+0000] {manager.py:724} INFO - Searching for files in /opt/airflow/dags
[2022-10-26T15:42:22.929+0000] {manager.py:727} INFO - There are 1 files in /opt/airflow/dags
[2022-10-26T15:42:26.966+0000] {manager.py:846} INFO - 
================================================================================
DAG File Processing Stats

File Path                         PID    Runtime      # DAGs    # Errors  Last Runtime    Last Run
--------------------------------  -----  ---------  --------  ----------  --------------  -------------------
/opt/airflow/dags/ml_pipeline.py                           0           1  0.43s           2022-10-26T15:42:11
================================================================================
[2022-10-26T15:42:41.694+0000] {manager.py:465} INFO - Exiting gracefully upon receiving signal 15
