[2022-10-28T13:46:56.223+0000] {taskinstance.py:1165} INFO - Dependencies all met for <TaskInstance: ml_pipeline.processing_data manual__2022-10-28T13:46:50.341996+00:00 [queued]>
[2022-10-28T13:46:56.269+0000] {taskinstance.py:1165} INFO - Dependencies all met for <TaskInstance: ml_pipeline.processing_data manual__2022-10-28T13:46:50.341996+00:00 [queued]>
[2022-10-28T13:46:56.269+0000] {taskinstance.py:1362} INFO - 
--------------------------------------------------------------------------------
[2022-10-28T13:46:56.269+0000] {taskinstance.py:1363} INFO - Starting attempt 1 of 1
[2022-10-28T13:46:56.269+0000] {taskinstance.py:1364} INFO - 
--------------------------------------------------------------------------------
[2022-10-28T13:46:56.311+0000] {taskinstance.py:1383} INFO - Executing <Task(PythonOperator): processing_data> on 2022-10-28 13:46:50.341996+00:00
[2022-10-28T13:46:56.325+0000] {standard_task_runner.py:54} INFO - Started process 202 to run task
[2022-10-28T13:46:56.348+0000] {standard_task_runner.py:82} INFO - Running: ['***', 'tasks', 'run', 'ml_pipeline', 'processing_data', 'manual__2022-10-28T13:46:50.341996+00:00', '--job-id', '107', '--raw', '--subdir', 'DAGS_FOLDER/ml_pipeline.py', '--cfg-path', '/tmp/tmpo21fi6iv']
[2022-10-28T13:46:56.358+0000] {standard_task_runner.py:83} INFO - Job 107: Subtask processing_data
[2022-10-28T13:46:56.376+0000] {dagbag.py:525} INFO - Filling up the DagBag from /opt/***/dags/ml_pipeline.py
[2022-10-28T13:47:16.635+0000] {task_command.py:384} INFO - Running <TaskInstance: ml_pipeline.processing_data manual__2022-10-28T13:46:50.341996+00:00 [running]> on host 74b1233796b3
[2022-10-28T13:47:17.339+0000] {taskinstance.py:1592} INFO - Exporting the following env vars:
AIRFLOW_CTX_DAG_OWNER=Luka Perkovic
AIRFLOW_CTX_DAG_ID=ml_pipeline
AIRFLOW_CTX_TASK_ID=processing_data
AIRFLOW_CTX_EXECUTION_DATE=2022-10-28T13:46:50.341996+00:00
AIRFLOW_CTX_TRY_NUMBER=1
AIRFLOW_CTX_DAG_RUN_ID=manual__2022-10-28T13:46:50.341996+00:00
[2022-10-28T13:49:23.312+0000] {python.py:177} INFO - Done. Returned value was: True
[2022-10-28T13:49:23.414+0000] {taskinstance.py:1406} INFO - Marking task as SUCCESS. dag_id=ml_pipeline, task_id=processing_data, execution_date=20221028T134650, start_date=20221028T134656, end_date=20221028T134923
[2022-10-28T13:49:23.559+0000] {local_task_job.py:164} INFO - Task exited with return code 0
[2022-10-28T13:49:23.762+0000] {local_task_job.py:273} INFO - 1 downstream tasks scheduled from follow-on schedule check
